[0.029s] Invoking command in '/root/ws/src/cpp_pubsub/build/cpp_pubsub': CMAKE_PREFIX_PATH=${CMAKE_PREFIX_PATH}:/opt/ros/foxy /usr/bin/cmake /root/ws/src/cpp_pubsub -DCMAKE_INSTALL_PREFIX=/root/ws/src/cpp_pubsub/install/cpp_pubsub
[0.154s] -- The C compiler identification is GNU 9.3.0
[0.269s] -- The CXX compiler identification is GNU 9.3.0
[0.287s] -- Check for working C compiler: /usr/bin/cc
[0.442s] -- Check for working C compiler: /usr/bin/cc -- works
[0.445s] -- Detecting C compiler ABI info
[0.609s] -- Detecting C compiler ABI info - done
[0.645s] -- Detecting C compile features
[0.646s] -- Detecting C compile features - done
[0.651s] -- Check for working CXX compiler: /usr/bin/c++
[0.826s] -- Check for working CXX compiler: /usr/bin/c++ -- works
[0.830s] -- Detecting CXX compiler ABI info
[0.998s] -- Detecting CXX compiler ABI info - done
[1.029s] -- Detecting CXX compile features
[1.030s] -- Detecting CXX compile features - done
[1.034s] -- Found ament_cmake: 0.9.6 (/opt/ros/foxy/share/ament_cmake/cmake)
[1.072s] -- Found PythonInterp: /usr/bin/python3 (found suitable version "3.8.2", minimum required is "3") 
[1.073s] -- Using PYTHON_EXECUTABLE: /usr/bin/python3
[1.406s] -- Found rclcpp: 2.1.0 (/opt/ros/foxy/share/rclcpp/cmake)
[1.572s] -- Using all available rosidl_typesupport_c: rosidl_typesupport_fastrtps_c;rosidl_typesupport_introspection_c
[1.583s] -- Found rosidl_adapter: 1.0.1 (/opt/ros/foxy/share/rosidl_adapter/cmake)
[1.734s] -- Found OpenSSL: /usr/lib/x86_64-linux-gnu/libcrypto.so (found version "1.1.1f")  
[1.765s] -- Found FastRTPS: /opt/ros/foxy/include  
[1.902s] -- Using all available rosidl_typesupport_cpp: rosidl_typesupport_fastrtps_cpp;rosidl_typesupport_introspection_cpp
[2.048s] -- Found rmw_implementation_cmake: 1.0.1 (/opt/ros/foxy/share/rmw_implementation_cmake/cmake)
[2.053s] -- Using RMW implementation 'rmw_fastrtps_cpp' as default
[2.076s] -- Looking for pthread.h
[2.244s] -- Looking for pthread.h - found
[2.245s] -- Performing Test CMAKE_HAVE_LIBC_PTHREAD
[2.396s] -- Performing Test CMAKE_HAVE_LIBC_PTHREAD - Failed
[2.396s] -- Looking for pthread_create in pthreads
[2.529s] -- Looking for pthread_create in pthreads - not found
[2.529s] -- Looking for pthread_create in pthread
[2.680s] -- Looking for pthread_create in pthread - found
[2.682s] -- Found Threads: TRUE  
[3.161s] -- Found tutorial_interfaces: 0.0.0 (/root/ws/install/tutorial_interfaces/share/tutorial_interfaces/cmake)
[3.184s] -- Found ament_lint_auto: 0.9.5 (/opt/ros/foxy/share/ament_lint_auto/cmake)
[3.331s] -- Added test 'copyright' to check source files copyright and LICENSE
[3.342s] -- Added test 'cppcheck' to perform static code analysis on C / C++ code
[3.343s] -- Configured cppcheck include dirs: 
[3.343s] -- Configured cppcheck exclude dirs and/or files: 
[3.353s] -- Added test 'cpplint' to check C / C++ code against the Google style
[3.353s] -- Configured cpplint exclude dirs and/or files: 
[3.357s] -- Added test 'lint_cmake' to check CMake code style
[3.368s] -- Added test 'uncrustify' to check C / C++ code style
[3.368s] -- Configured uncrustify additional arguments: 
[3.370s] -- Added test 'xmllint' to check XML markup files
[3.376s] -- Configuring done
[3.398s] -- Generating done
[3.402s] -- Build files have been written to: /root/ws/src/cpp_pubsub/build/cpp_pubsub
[3.411s] Invoked command in '/root/ws/src/cpp_pubsub/build/cpp_pubsub' returned '0': CMAKE_PREFIX_PATH=${CMAKE_PREFIX_PATH}:/opt/ros/foxy /usr/bin/cmake /root/ws/src/cpp_pubsub -DCMAKE_INSTALL_PREFIX=/root/ws/src/cpp_pubsub/install/cpp_pubsub
[3.418s] Invoking command in '/root/ws/src/cpp_pubsub/build/cpp_pubsub': CMAKE_PREFIX_PATH=${CMAKE_PREFIX_PATH}:/opt/ros/foxy /usr/bin/cmake --build /root/ws/src/cpp_pubsub/build/cpp_pubsub -- -j4 -l4
[3.510s] [35m[1mScanning dependencies of target talker[0m
[3.511s] [35m[1mScanning dependencies of target listener[0m
[4.278s] [ 50%] [32mBuilding CXX object CMakeFiles/talker.dir/src/publisher_member_function.cpp.o[0m
[4.278s] [ 50%] [32mBuilding CXX object CMakeFiles/listener.dir/src/subscriber_member_function.cpp.o[0m
[7.383s] [01m[K/root/ws/src/cpp_pubsub/src/publisher_member_function.cpp:[m[K In member function â€˜[01m[Kvoid MinimalPublisher::timer_callback()[m[Kâ€™:
[7.383s] [01m[K/root/ws/src/cpp_pubsub/src/publisher_member_function.cpp:46:34:[m[K [01;31m[Kerror: [m[Kâ€˜[01m[KNum[m[Kâ€™ is not a member of â€˜[01m[Kstd_msgs::msg[m[Kâ€™; did you mean â€˜[01m[Ktutorial_interfaces::msg::Num[m[Kâ€™?
[7.384s]    46 |     auto message =std_msgs::msg::[01;31m[KNum[m[K();// std_msgs::msg::String();
[7.384s]       |                                  [01;31m[K^~~[m[K
[7.384s] In file included from [01m[K/root/ws/install/tutorial_interfaces/include/tutorial_interfaces/msg/num.hpp:7[m[K,
[7.385s]                  from [01m[K/root/ws/src/cpp_pubsub/src/publisher_member_function.cpp:23[m[K:
[7.385s] [01m[K/root/ws/install/tutorial_interfaces/include/tutorial_interfaces/msg/detail/num__struct.hpp:121:7:[m[K [01;36m[Knote: [m[Kâ€˜[01m[Ktutorial_interfaces::msg::Num[m[Kâ€™ declared here
[7.385s]   121 | using [01;36m[KNum[m[K =
[7.386s]       |       [01;36m[K^~~[m[K
[9.189s] make[2]: *** [CMakeFiles/talker.dir/build.make:63: CMakeFiles/talker.dir/src/publisher_member_function.cpp.o] Error 1
[9.189s] make[1]: *** [CMakeFiles/Makefile2:107: CMakeFiles/talker.dir/all] Error 2
[9.189s] make[1]: *** Waiting for unfinished jobs....
[14.170s] [ 75%] [32m[1mLinking CXX executable listener[0m
[14.767s] [ 75%] Built target listener
[14.769s] make: *** [Makefile:141: all] Error 2
[14.774s] Invoked command in '/root/ws/src/cpp_pubsub/build/cpp_pubsub' returned '2': CMAKE_PREFIX_PATH=${CMAKE_PREFIX_PATH}:/opt/ros/foxy /usr/bin/cmake --build /root/ws/src/cpp_pubsub/build/cpp_pubsub -- -j4 -l4
